<?xml version="1.0" encoding="UTF-8"?>
<!-- Generated by org.testng.reporters.JUnitReportReporter -->
<testsuite skipped="0" hostname="DESKTOP-364QM6G" name="com.leafBot.testcases.TC_ACME_Result" tests="1" failures="0" timestamp="16 Nov 2019 10:28:56 GMT" time="17.193" errors="0">
  <testcase name="acme_TC" time="17.193" classname="com.leafBot.testcases.TC_ACME_Result"/>
</testsuite> <!-- com.leafBot.testcases.TC_ACME_Result -->
