<?xml version="1.0" encoding="UTF-8"?>
<!-- Generated by org.testng.reporters.JUnitReportReporter -->
<testsuite skipped="0" hostname="DESKTOP-364QM6G" name="com.leafBot.testcases.TC001_CreateLead" tests="2" failures="0" timestamp="15 Nov 2019 01:31:08 GMT" time="32.788" errors="0">
  <testcase name="runTC001" time="17.917" classname="com.leafBot.testcases.TC001_CreateLead"/>
  <testcase name="runTC001" time="14.871" classname="com.leafBot.testcases.TC001_CreateLead"/>
</testsuite> <!-- com.leafBot.testcases.TC001_CreateLead -->
